; Top Design: "psi3482_hama_lib:amp60GHz:schematic"
; Netlisted using Hierarchy Policy: "Standard"

Options ResourceUsage=yes UseNutmegFormat=no EnableOptim=no TopDesignName="psi3482_hama_lib:amp60GHz:schematic" DcopOutputNodeVoltages=yes DcopOutputPinCurrents=yes DcopOutputAllSweepPoints=no DcopOutputDcopType=0
Port:TermG1  N__3 0 Num=1 Z=50 Ohm Noise=yes 
aele MaxGain1=max_gain(S);
S_Param:SP1 CalcS=yes CalcY=no CalcZ=no GroupDelayAperture=1e-4 FreqConversion=no FreqConversionPort=1 StatusLevel=2 CalcNoise=no SortNoise=0 BandwidthForNoise=1.0 Hz DevOpPtLevel=0 \
SweepVar="freq" SweepPlan="SP1_stim" OutputPlan="SP1_Output" 

SweepPlan: SP1_stim Start=18 GHz Stop=65 GHz Step=0.5 GHz 

OutputPlan:SP1_Output \
      Type="Output" \
      UseEquationNestLevel=yes \
      EquationNestLevel=2 \
      UseSavedEquationNestLevel=yes \
      SavedEquationNestLevel=2

#load "python","LinearCollapse"
Component Module="LinearCollapse" Type="ModelExtractor" NetworkRepresentation=2
Port:TermG2  N__0 0 Num=2 Z=50 Ohm Noise=yes 
aele Mu1=mu(S);
aele SmGamma1=sm_gamma2(S);
aele SmGamma2=sm_gamma1(S);
aele GaCircle1=ga_circle(S,2,51);
aele StabFact1=stab_fact(S);
aele S_StabCircle1=s_stab_circle(S,51);
aele L_StabCircle1=l_stab_circle(S,51);
aele Delta=mag(S11*S22-S12*S21);
#uselib "ckt" , "FET"
FET:FET1  N__3 N__0 0 G=20.0 uS T=1.0 nsec F=1.0 GHz Cgs=10.0 pF Ggs=1.0 uS Ri=0.1 Ohm Cdg=10.0 pF Cdc=10.0 pF Cds=10.0 pF Rds=500.0 Ohm 
