License checkout took 6.806 sec
License checkout took 3.390 sec
Momentum MomEngine_64 2023.00.265 (*) built: Jul  1 2022
Copyright  1992 - 2022 Keysight Technologies
Simulation started on: Sat Sep 24 13:03:57 2022
Simulation Mode: uW
Substrate valid
Using the minimal snap distance of 0.0004 mm
(4 layout resolution points) for layout healing.
Layout simplification started
.........|.........|.........|.........| 
Layout simplification finished
Generating mesh at 100 GHz...
S-parameter simulation
S-parameter simulation started
...initializing
...extracting layout
...analyzing ports
...reducing mesh
Automatic selection: direct dense matrix solver
Using multi-threading (6 threads)
Matrix size: 2033 (reduced: 1841)

--- WARNING -------------------------------------------------------------------

The size of the plus pin for S-parameter port 1 is electrically large 
above 43.403 GHz, S-parameters may become unphysical.

-------------------------------------------------------------------------------
Simulation temperature: 298.15 K
Adaptive frequency sweep started
Simulation frequency [1] = 0 Hz
...loading Green functions
...creating Basis sections
...allocating interaction matrix
...loading interaction matrix
.........|.........|.........|.........| 
...solving interaction matrix
.........|.........|.........|.........| 
...calculating S-parameters
Simulation frequency [2] = 60 GHz
...loading Green functions
...loading interaction matrix
.........|.........|.........|.........| 
...solving interaction matrix
.........|.........|.........|.........| 
...calculating S-parameters
Simulation frequency [3] = 100 GHz
...loading Green functions
...loading interaction matrix
.........|.........|.........|.........| 
...solving interaction matrix
.........|.........|.........|.........| 
...calculating S-parameters
Adaptive:   0.0 % of frequency range covered
Simulation frequency [4] = 80 GHz
...loading Green functions
...loading interaction matrix
.........|.........|.........|.........| 
...solving interaction matrix
.........|.........|.........|.........| 
...calculating S-parameters
Simulation frequency [5] = 30 GHz
...loading Green functions
...loading interaction matrix
.........|.........|.........|.........| 
...solving interaction matrix
.........|.........|.........|.........| 
...calculating S-parameters
Simulation frequency [6] = 15 GHz
...loading Green functions
...loading interaction matrix
.........|.........|.........|.........| 
...solving interaction matrix
.........|.........|.........|.........| 
...calculating S-parameters
Simulation frequency [7] = 22.5 GHz
...loading Green functions
...loading interaction matrix
.........|.........|.........|.........| 
...solving interaction matrix
.........|.........|.........|.........| 
...calculating S-parameters
Simulation frequency [8] = 18.75 GHz
...loading Green functions
...loading interaction matrix
.........|.........|.........|.........| 
...solving interaction matrix
.........|.........|.........|.........| 
...calculating S-parameters
Simulation frequency [9] = 10 GHz
...loading Green functions
...loading interaction matrix
.........|.........|.........|.........| 
...solving interaction matrix
.........|.........|.........|.........| 
...calculating S-parameters
Simulation frequency [10] = 5 GHz
...loading Green functions
...loading interaction matrix
.........|.........|.........|.........| 
...solving interaction matrix
.........|.........|.........|.........| 
...calculating S-parameters
Simulation frequency [11] = 50 GHz
...loading Green functions
...loading interaction matrix
.........|.........|.........|.........| 
...solving interaction matrix
.........|.........|.........|.........| 
...calculating S-parameters
Simulation frequency [12] = 70 GHz
...loading Green functions
...loading interaction matrix
.........|.........|.........|.........| 
...solving interaction matrix
.........|.........|.........|.........| 
...calculating S-parameters
Simulation frequency [13] = 73.3333 GHz
...loading Green functions
...loading interaction matrix
.........|.........|.........|.........| 
...solving interaction matrix
.........|.........|.........|.........| 
...calculating S-parameters
Simulation frequency [14] = 63.3333 GHz
...loading Green functions
...loading interaction matrix
.........|.........|.........|.........| 
...solving interaction matrix
.........|.........|.........|.........| 
...calculating S-parameters
Simulation frequency [15] = 86.6667 GHz
...loading Green functions
...loading interaction matrix
.........|.........|.........|.........| 
...solving interaction matrix
.........|.........|.........|.........| 
...calculating S-parameters
Simulation frequency [16] = 93.3333 GHz
...loading Green functions
...loading interaction matrix
.........|.........|.........|.........| 
...solving interaction matrix
.........|.........|.........|.........| 
...calculating S-parameters
Simulation frequency [17] = 96.6667 GHz
...loading Green functions
...loading interaction matrix
.........|.........|.........|.........| 
...solving interaction matrix
.........|.........|.........|.........| 
...calculating S-parameters
Simulation frequency [18] = 76.6667 GHz
...loading Green functions
...loading interaction matrix
.........|.........|.........|.........| 
...solving interaction matrix
.........|.........|.........|.........| 
...calculating S-parameters
Simulation frequency [19] = 95 GHz
...loading Green functions
...loading interaction matrix
.........|.........|.........|.........| 
...solving interaction matrix
.........|.........|.........|.........| 
...calculating S-parameters
Adaptive: 100.0 % of frequency range covered
S-parameter simulation finished
Simulation finished on: Sat Sep 24 13:04:20 2022
The simulation results have been saved in dataset "yagi_3_MomUW".
